# JRE version: Java(TM) SE Runtime Environment (8.0_181-b13) (build 1.8.0_181-b13)
# Java VM: Java HotSpot(TM) 64-Bit Server VM (25.181-b13 mixed mode bsd-amd64 compressed oops)
Heap:
 PSYoungGen      total 109568K, used 20091K [0x00000007aab00000, 0x00000007b2380000, 0x00000007c0000000)
  eden space 100864K, 19% used [0x00000007aab00000,0x00000007abe9ee40,0x00000007b0d80000)
  from space 8704K, 0% used [0x00000007b0e00000,0x00000007b0e00000,0x00000007b1680000)
  to   space 11264K, 0% used [0x00000007b1880000,0x00000007b1880000,0x00000007b2380000)
 ParOldGen       total 699392K, used 189348K [0x0000000780000000, 0x00000007aab00000, 0x00000007aab00000)
  object space 699392K, 27% used [0x0000000780000000,0x000000078b8e92f0,0x00000007aab00000)
 Metaspace       used 153507K, capacity 169264K, committed 195736K, reserved 1218560K
  class space    used 19157K, capacity 23159K, committed 27568K, reserved 1048576K
GC Heap History (10 events):
Event: 261628.392 GC heap before
{Heap before GC invocations=1040 (full 5):
 PSYoungGen      total 113664K, used 111098K [0x00000007aab00000, 0x00000007b2600000, 0x00000007c0000000)
  eden space 102400K, 100% used [0x00000007aab00000,0x00000007b0f00000,0x00000007b0f00000)
  from space 11264K, 77% used [0x00000007b1b00000,0x00000007b237e908,0x00000007b2600000)
  to   space 11776K, 0% used [0x00000007b0f00000,0x00000007b0f00000,0x00000007b1a80000)
 ParOldGen       total 699392K, used 696700K [0x0000000780000000, 0x00000007aab00000, 0x00000007aab00000)
  object space 699392K, 99% used [0x0000000780000000,0x00000007aa85f010,0x00000007aab00000)
 Metaspace       used 175688K, capacity 195564K, committed 195736K, reserved 1218560K
  class space    used 22374K, capacity 27562K, committed 27568K, reserved 1048576K
Event: 261628.398 GC heap after
Heap after GC invocations=1040 (full 5):
 PSYoungGen      total 111104K, used 8794K [0x00000007aab00000, 0x00000007b2580000, 0x00000007c0000000)
  eden space 101888K, 0% used [0x00000007aab00000,0x00000007aab00000,0x00000007b0e80000)
  from space 9216K, 95% used [0x00000007b0f00000,0x00000007b1796940,0x00000007b1800000)
  to   space 11776K, 0% used [0x00000007b1a00000,0x00000007b1a00000,0x00000007b2580000)
 ParOldGen       total 699392K, used 697324K [0x0000000780000000, 0x00000007aab00000, 0x00000007aab00000)
  object space 699392K, 99% used [0x0000000780000000,0x00000007aa8fb010,0x00000007aab00000)
 Metaspace       used 175688K, capacity 195564K, committed 195736K, reserved 1218560K
  class space    used 22374K, capacity 27562K, committed 27568K, reserved 1048576K
}
Event: 261820.964 GC heap before
{Heap before GC invocations=1041 (full 5):
 PSYoungGen      total 111104K, used 110682K [0x00000007aab00000, 0x00000007b2580000, 0x00000007c0000000)
  eden space 101888K, 100% used [0x00000007aab00000,0x00000007b0e80000,0x00000007b0e80000)
  from space 9216K, 95% used [0x00000007b0f00000,0x00000007b1796940,0x00000007b1800000)
  to   space 11776K, 0% used [0x00000007b1a00000,0x00000007b1a00000,0x00000007b2580000)
 ParOldGen       total 699392K, used 697324K [0x0000000780000000, 0x00000007aab00000, 0x00000007aab00000)
  object space 699392K, 99% used [0x0000000780000000,0x00000007aa8fb010,0x00000007aab00000)
 Metaspace       used 175688K, capacity 195564K, committed 195736K, reserved 1218560K
  class space    used 22374K, capacity 27562K, committed 27568K, reserved 1048576K
Event: 261820.972 GC heap after
Heap after GC invocations=1041 (full 5):
 PSYoungGen      total 112640K, used 8730K [0x00000007aab00000, 0x00000007b2500000, 0x00000007c0000000)
  eden space 101376K, 0% used [0x00000007aab00000,0x00000007aab00000,0x00000007b0e00000)
  from space 11264K, 77% used [0x00000007b1a00000,0x00000007b2286958,0x00000007b2500000)
  to   space 11776K, 0% used [0x00000007b0e00000,0x00000007b0e00000,0x00000007b1980000)
 ParOldGen       total 699392K, used 697820K [0x0000000780000000, 0x00000007aab00000, 0x00000007aab00000)
  object space 699392K, 99% used [0x0000000780000000,0x00000007aa977010,0x00000007aab00000)
 Metaspace       used 175688K, capacity 195564K, committed 195736K, reserved 1218560K
  class space    used 22374K, capacity 27562K, committed 27568K, reserved 1048576K
}
Event: 262038.389 GC heap before
{Heap before GC invocations=1042 (full 5):
 PSYoungGen      total 112640K, used 110106K [0x00000007aab00000, 0x00000007b2500000, 0x00000007c0000000)
  eden space 101376K, 100% used [0x00000007aab00000,0x00000007b0e00000,0x00000007b0e00000)
  from space 11264K, 77% used [0x00000007b1a00000,0x00000007b2286958,0x00000007b2500000)
  to   space 11776K, 0% used [0x00000007b0e00000,0x00000007b0e00000,0x00000007b1980000)
 ParOldGen       total 699392K, used 697820K [0x0000000780000000, 0x00000007aab00000, 0x00000007aab00000)
  object space 699392K, 99% used [0x0000000780000000,0x00000007aa977010,0x00000007aab00000)
 Metaspace       used 175688K, capacity 195564K, committed 195736K, reserved 1218560K
  class space    used 22374K, capacity 27562K, committed 27568K, reserved 1048576K
Event: 262038.397 GC heap after
Heap after GC invocations=1042 (full 5):
 PSYoungGen      total 109568K, used 8570K [0x00000007aab00000, 0x00000007b2380000, 0x00000007c0000000)
  eden space 100864K, 0% used [0x00000007aab00000,0x00000007aab00000,0x00000007b0d80000)
  from space 8704K, 98% used [0x00000007b0e00000,0x00000007b165e980,0x00000007b1680000)
  to   space 11264K, 0% used [0x00000007b1880000,0x00000007b1880000,0x00000007b2380000)
 ParOldGen       total 699392K, used 698484K [0x0000000780000000, 0x00000007aab00000, 0x00000007aab00000)
  object space 699392K, 99% used [0x0000000780000000,0x00000007aaa1d010,0x00000007aab00000)
 Metaspace       used 175688K, capacity 195564K, committed 195736K, reserved 1218560K
  class space    used 22374K, capacity 27562K, committed 27568K, reserved 1048576K
}
Event: 262228.406 GC heap before
{Heap before GC invocations=1043 (full 5):
 PSYoungGen      total 109568K, used 109428K [0x00000007aab00000, 0x00000007b2380000, 0x00000007c0000000)
  eden space 100864K, 99% used [0x00000007aab00000,0x00000007b0d7e790,0x00000007b0d80000)
  from space 8704K, 98% used [0x00000007b0e00000,0x00000007b165e980,0x00000007b1680000)
  to   space 11264K, 0% used [0x00000007b1880000,0x00000007b1880000,0x00000007b2380000)
 ParOldGen       total 699392K, used 698484K [0x0000000780000000, 0x00000007aab00000, 0x00000007aab00000)
  object space 699392K, 99% used [0x0000000780000000,0x00000007aaa1d010,0x00000007aab00000)
 Metaspace       used 175688K, capacity 195564K, committed 195736K, reserved 1218560K
  class space    used 22374K, capacity 27562K, committed 27568K, reserved 1048576K
Event: 262228.428 GC heap after
Heap after GC invocations=1043 (full 5):
 PSYoungGen      total 109568K, used 109428K [0x00000007aab00000, 0x00000007b2380000, 0x00000007c0000000)
  eden space 100864K, 99% used [0x00000007aab00000,0x00000007b0d7e790,0x00000007b0d80000)
  from space 8704K, 98% used [0x00000007b0e00000,0x00000007b165e980,0x00000007b1680000)
  to   space 11264K, 74% used [0x00000007b1880000,0x00000007b20a6980,0x00000007b2380000)
 ParOldGen       total 699392K, used 699388K [0x0000000780000000, 0x00000007aab00000, 0x00000007aab00000)
  object space 699392K, 99% used [0x0000000780000000,0x00000007aaaff290,0x00000007aab00000)
 Metaspace       used 175688K, capacity 195564K, committed 195736K, reserved 1218560K
  class space    used 22374K, capacity 27562K, committed 27568K, reserved 1048576K
}
Event: 262228.428 GC heap before
{Heap before GC invocations=1044 (full 6):
 PSYoungGen      total 109568K, used 109428K [0x00000007aab00000, 0x00000007b2380000, 0x00000007c0000000)
  eden space 100864K, 99% used [0x00000007aab00000,0x00000007b0d7e790,0x00000007b0d80000)
  from space 8704K, 98% used [0x00000007b0e00000,0x00000007b165e980,0x00000007b1680000)
  to   space 11264K, 74% used [0x00000007b1880000,0x00000007b20a6980,0x00000007b2380000)
 ParOldGen       total 699392K, used 699388K [0x0000000780000000, 0x00000007aab00000, 0x00000007aab00000)
  object space 699392K, 99% used [0x0000000780000000,0x00000007aaaff290,0x00000007aab00000)
 Metaspace       used 175688K, capacity 195564K, committed 195736K, reserved 1218560K
  class space    used 22374K, capacity 27562K, committed 27568K, reserved 1048576K
Event: 262230.316 GC heap after
Heap after GC invocations=1044 (full 6):
 PSYoungGen      total 109568K, used 0K [0x00000007aab00000, 0x00000007b2380000, 0x00000007c0000000)
  eden space 100864K, 0% used [0x00000007aab00000,0x00000007aab00000,0x00000007b0d80000)
  from space 8704K, 0% used [0x00000007b0e00000,0x00000007b0e00000,0x00000007b1680000)
  to   space 11264K, 0% used [0x00000007b1880000,0x00000007b1880000,0x00000007b2380000)
 ParOldGen       total 699392K, used 189348K [0x0000000780000000, 0x00000007aab00000, 0x00000007aab00000)
  object space 699392K, 27% used [0x0000000780000000,0x000000078b8e92f0,0x00000007aab00000)
 Metaspace       used 153507K, capacity 169264K, committed 195736K, reserved 1218560K
  class space    used 19157K, capacity 23159K, committed 27568K, reserved 1048576K
}

